<?xml version="1.0" encoding="UTF-8"?>
<testsuite name="PowerFunctionCalculatorTest" tests="1" skipped="0" failures="0" errors="0" timestamp="2020-02-08T03:49:06" hostname="admin1-HP-EliteBook-Folio-9480m" time="0.007">
  <properties/>
  <testcase name="givenNumber_WhenBaseNegative_ThenShouldCalculatePower" classname="PowerFunctionCalculatorTest" time="0.007"/>
  <system-out><![CDATA[]]></system-out>
  <system-err><![CDATA[]]></system-err>
</testsuite>
